# JRE version: OpenJDK Runtime Environment Temurin-25.0.2+10 (25.0.2+10) (build 25.0.2+10-LTS)
# Java VM: OpenJDK 64-Bit Server VM Temurin-25.0.2+10 (25.0.2+10-LTS, mixed mode, sharing, tiered, compressed oops, compressed class ptrs, g1 gc, windows-amd64)
GC Precious Log:
 CardTable entry size: 512
 Card Set container configuration: InlinePtr #cards 4 size 8 Array Of Cards #cards 16 size 48 Howl #buckets 8 coarsen threshold 3686 Howl Bitmap #cards 512 size 80 coarsen threshold 460 Card regions per heap region 1 cards per card region 4096
 CPUs: 4 total, 4 available
 Memory: 16252M
 Large Page Support: Disabled
 NUMA Support: Disabled
 Compressed Oops: Enabled (Zero based)
 Heap Region Size: 2M
 Heap Min Capacity: 8M
 Heap Initial Capacity: 254M
 Heap Max Capacity: 4064M
 Pre-touch: Disabled
 Parallel Workers: 4
 Concurrent Workers: 1
 Concurrent Refinement Workers: 4
 Periodic GC: Disabled
Heap:
 garbage-first heap   total reserved 4161536K, committed 350208K, used 28016K [0x0000000702000000, 0x0000000800000000)
  region size 2048K, 5 young (10240K), 5 survivors (10240K)
GC Heap Usage History (20 events):
Event: 7.992 {heap After GC invocations=33 (full 0):
 garbage-first heap   total reserved 4161536K, committed 135168K, used 20214K [0x0000000702000000, 0x0000000800000000)
  region size 2048K, 2 young (4096K), 2 survivors (4096K)
}
Event: 8.022 {heap Before GC invocations=33 (full 0):
 garbage-first heap   total reserved 4161536K, committed 135168K, used 95990K [0x0000000702000000, 0x0000000800000000)
  region size 2048K, 39 young (79872K), 2 survivors (4096K)
}
Event: 8.024 {heap After GC invocations=34 (full 0):
 garbage-first heap   total reserved 4161536K, committed 135168K, used 20809K [0x0000000702000000, 0x0000000800000000)
  region size 2048K, 2 young (4096K), 2 survivors (4096K)
}
Event: 8.053 {heap Before GC invocations=34 (full 0):
 garbage-first heap   total reserved 4161536K, committed 135168K, used 96585K [0x0000000702000000, 0x0000000800000000)
  region size 2048K, 39 young (79872K), 2 survivors (4096K)
}
Event: 8.055 {heap After GC invocations=35 (full 0):
 garbage-first heap   total reserved 4161536K, committed 262144K, used 22967K [0x0000000702000000, 0x0000000800000000)
  region size 2048K, 2 young (4096K), 2 survivors (4096K)
}
Event: 8.155 {heap Before GC invocations=35 (full 0):
 garbage-first heap   total reserved 4161536K, committed 262144K, used 174519K [0x0000000702000000, 0x0000000800000000)
  region size 2048K, 76 young (155648K), 2 survivors (4096K)
}
Event: 8.158 {heap After GC invocations=36 (full 0):
 garbage-first heap   total reserved 4161536K, committed 262144K, used 22257K [0x0000000702000000, 0x0000000800000000)
  region size 2048K, 3 young (6144K), 3 survivors (6144K)
}
Event: 8.221 {heap Before GC invocations=36 (full 0):
 garbage-first heap   total reserved 4161536K, committed 262144K, used 171761K [0x0000000702000000, 0x0000000800000000)
  region size 2048K, 76 young (155648K), 3 survivors (6144K)
}
Event: 8.223 {heap After GC invocations=37 (full 0):
 garbage-first heap   total reserved 4161536K, committed 262144K, used 22369K [0x0000000702000000, 0x0000000800000000)
  region size 2048K, 2 young (4096K), 2 survivors (4096K)
}
Event: 8.289 {heap Before GC invocations=37 (full 0):
 garbage-first heap   total reserved 4161536K, committed 262144K, used 173921K [0x0000000702000000, 0x0000000800000000)
  region size 2048K, 76 young (155648K), 2 survivors (4096K)
}
Event: 8.291 {heap After GC invocations=38 (full 0):
 garbage-first heap   total reserved 4161536K, committed 262144K, used 23641K [0x0000000702000000, 0x0000000800000000)
  region size 2048K, 3 young (6144K), 3 survivors (6144K)
}
Event: 8.349 {heap Before GC invocations=38 (full 0):
 garbage-first heap   total reserved 4161536K, committed 262144K, used 173145K [0x0000000702000000, 0x0000000800000000)
  region size 2048K, 76 young (155648K), 3 survivors (6144K)
}
Event: 8.351 {heap After GC invocations=39 (full 0):
 garbage-first heap   total reserved 4161536K, committed 346112K, used 27088K [0x0000000702000000, 0x0000000800000000)
  region size 2048K, 4 young (8192K), 4 survivors (8192K)
}
Event: 8.459 {heap Before GC invocations=39 (full 0):
 garbage-first heap   total reserved 4161536K, committed 346112K, used 225744K [0x0000000702000000, 0x0000000800000000)
  region size 2048K, 101 young (206848K), 4 survivors (8192K)
}
Event: 8.461 {heap After GC invocations=40 (full 0):
 garbage-first heap   total reserved 4161536K, committed 346112K, used 27577K [0x0000000702000000, 0x0000000800000000)
  region size 2048K, 4 young (8192K), 4 survivors (8192K)
}
Event: 8.546 {heap Before GC invocations=40 (full 0):
 garbage-first heap   total reserved 4161536K, committed 346112K, used 226233K [0x0000000702000000, 0x0000000800000000)
  region size 2048K, 101 young (206848K), 4 survivors (8192K)
}
Event: 8.548 {heap After GC invocations=41 (full 0):
 garbage-first heap   total reserved 4161536K, committed 346112K, used 28888K [0x0000000702000000, 0x0000000800000000)
  region size 2048K, 4 young (8192K), 4 survivors (8192K)
}
Event: 8.628 {heap Before GC invocations=41 (full 0):
 garbage-first heap   total reserved 4161536K, committed 346112K, used 227544K [0x0000000702000000, 0x0000000800000000)
  region size 2048K, 101 young (206848K), 4 survivors (8192K)
}
Event: 8.630 {heap After GC invocations=42 (full 0):
 garbage-first heap   total reserved 4161536K, committed 346112K, used 29476K [0x0000000702000000, 0x0000000800000000)
  region size 2048K, 4 young (8192K), 4 survivors (8192K)
}
Event: 8.718 {heap Before GC invocations=42 (full 0):
 garbage-first heap   total reserved 4161536K, committed 346112K, used 228132K [0x0000000702000000, 0x0000000800000000)
  region size 2048K, 101 young (206848K), 4 survivors (8192K)
}

