# JRE version: OpenJDK Runtime Environment Temurin-21.0.10+7 (21.0.10+7) (build 21.0.10+7-LTS)
# Java VM: OpenJDK 64-Bit Server VM Temurin-21.0.10+7 (21.0.10+7-LTS, mixed mode, sharing, tiered, compressed oops, compressed class ptrs, g1 gc, windows-amd64)
GC Precious Log:
 CardTable entry size: 512
 Card Set container configuration: InlinePtr #cards 4 size 8 Array Of Cards #cards 16 size 48 Howl #buckets 8 coarsen threshold 3686 Howl Bitmap #cards 512 size 80 coarsen threshold 460 Card regions per heap region 1 cards per card region 4096
 CPUs: 4 total, 4 available
 Memory: 16252M
 Large Page Support: Disabled
 NUMA Support: Disabled
 Compressed Oops: Enabled (Zero based)
 Heap Region Size: 2M
 Heap Min Capacity: 8M
 Heap Initial Capacity: 254M
 Heap Max Capacity: 4064M
 Pre-touch: Disabled
 Parallel Workers: 4
 Concurrent Workers: 1
 Concurrent Refinement Workers: 4
 Periodic GC: Disabled
Heap:
 garbage-first heap   total 362496K, used 21909K [0x0000000702000000, 0x0000000800000000)
  region size 2048K, 3 young (6144K), 3 survivors (6144K)
 Metaspace       used 34202K, committed 34688K, reserved 1114112K
  class space    used 4321K, committed 4544K, reserved 1048576K
GC Heap History (20 events):
Event: 8.083 GC heap after
{Heap after GC invocations=18 (full 0):
 garbage-first heap   total 249856K, used 18143K [0x0000000702000000, 0x0000000800000000)
  region size 2048K, 2 young (4096K), 2 survivors (4096K)
 Metaspace       used 30492K, committed 30976K, reserved 1114112K
  class space    used 3723K, committed 3904K, reserved 1048576K
}
Event: 8.137 GC heap before
{Heap before GC invocations=18 (full 0):
 garbage-first heap   total 249856K, used 163551K [0x0000000702000000, 0x0000000800000000)
  region size 2048K, 73 young (149504K), 2 survivors (4096K)
 Metaspace       used 30576K, committed 31040K, reserved 1114112K
  class space    used 3729K, committed 3904K, reserved 1048576K
}
Event: 8.138 GC heap after
{Heap after GC invocations=19 (full 0):
 garbage-first heap   total 249856K, used 18081K [0x0000000702000000, 0x0000000800000000)
  region size 2048K, 2 young (4096K), 2 survivors (4096K)
 Metaspace       used 30576K, committed 31040K, reserved 1114112K
  class space    used 3729K, committed 3904K, reserved 1048576K
}
Event: 8.186 GC heap before
{Heap before GC invocations=19 (full 0):
 garbage-first heap   total 249856K, used 163489K [0x0000000702000000, 0x0000000800000000)
  region size 2048K, 73 young (149504K), 2 survivors (4096K)
 Metaspace       used 30580K, committed 31040K, reserved 1114112K
  class space    used 3730K, committed 3904K, reserved 1048576K
}
Event: 8.188 GC heap after
{Heap after GC invocations=20 (full 0):
 garbage-first heap   total 301056K, used 18402K [0x0000000702000000, 0x0000000800000000)
  region size 2048K, 2 young (4096K), 2 survivors (4096K)
 Metaspace       used 30580K, committed 31040K, reserved 1114112K
  class space    used 3730K, committed 3904K, reserved 1048576K
}
Event: 8.286 GC heap before
{Heap before GC invocations=20 (full 0):
 garbage-first heap   total 301056K, used 194530K [0x0000000702000000, 0x0000000800000000)
  region size 2048K, 88 young (180224K), 2 survivors (4096K)
 Metaspace       used 32403K, committed 32768K, reserved 1114112K
  class space    used 4012K, committed 4160K, reserved 1048576K
}
Event: 8.287 GC heap after
{Heap after GC invocations=21 (full 0):
 garbage-first heap   total 301056K, used 18288K [0x0000000702000000, 0x0000000800000000)
  region size 2048K, 2 young (4096K), 2 survivors (4096K)
 Metaspace       used 32403K, committed 32768K, reserved 1114112K
  class space    used 4012K, committed 4160K, reserved 1048576K
}
Event: 8.363 GC heap before
{Heap before GC invocations=21 (full 0):
 garbage-first heap   total 301056K, used 194416K [0x0000000702000000, 0x0000000800000000)
  region size 2048K, 88 young (180224K), 2 survivors (4096K)
 Metaspace       used 32797K, committed 33152K, reserved 1114112K
  class space    used 4061K, committed 4224K, reserved 1048576K
}
Event: 8.365 GC heap after
{Heap after GC invocations=22 (full 0):
 garbage-first heap   total 301056K, used 18588K [0x0000000702000000, 0x0000000800000000)
  region size 2048K, 2 young (4096K), 2 survivors (4096K)
 Metaspace       used 32797K, committed 33152K, reserved 1114112K
  class space    used 4061K, committed 4224K, reserved 1048576K
}
Event: 8.427 GC heap before
{Heap before GC invocations=22 (full 0):
 garbage-first heap   total 301056K, used 194716K [0x0000000702000000, 0x0000000800000000)
  region size 2048K, 88 young (180224K), 2 survivors (4096K)
 Metaspace       used 32896K, committed 33280K, reserved 1114112K
  class space    used 4081K, committed 4224K, reserved 1048576K
}
Event: 8.429 GC heap after
{Heap after GC invocations=23 (full 0):
 garbage-first heap   total 301056K, used 18658K [0x0000000702000000, 0x0000000800000000)
  region size 2048K, 2 young (4096K), 2 survivors (4096K)
 Metaspace       used 32896K, committed 33280K, reserved 1114112K
  class space    used 4081K, committed 4224K, reserved 1048576K
}
Event: 8.494 GC heap before
{Heap before GC invocations=23 (full 0):
 garbage-first heap   total 301056K, used 194786K [0x0000000702000000, 0x0000000800000000)
  region size 2048K, 88 young (180224K), 2 survivors (4096K)
 Metaspace       used 32963K, committed 33408K, reserved 1114112K
  class space    used 4087K, committed 4288K, reserved 1048576K
}
Event: 8.496 GC heap after
{Heap after GC invocations=24 (full 0):
 garbage-first heap   total 362496K, used 19313K [0x0000000702000000, 0x0000000800000000)
  region size 2048K, 2 young (4096K), 2 survivors (4096K)
 Metaspace       used 32963K, committed 33408K, reserved 1114112K
  class space    used 4087K, committed 4288K, reserved 1048576K
}
Event: 8.616 GC heap before
{Heap before GC invocations=24 (full 0):
 garbage-first heap   total 362496K, used 232305K [0x0000000702000000, 0x0000000800000000)
  region size 2048K, 106 young (217088K), 2 survivors (4096K)
 Metaspace       used 33157K, committed 33600K, reserved 1114112K
  class space    used 4088K, committed 4288K, reserved 1048576K
}
Event: 8.618 GC heap after
{Heap after GC invocations=25 (full 0):
 garbage-first heap   total 362496K, used 19654K [0x0000000702000000, 0x0000000800000000)
  region size 2048K, 2 young (4096K), 2 survivors (4096K)
 Metaspace       used 33157K, committed 33600K, reserved 1114112K
  class space    used 4088K, committed 4288K, reserved 1048576K
}
Event: 8.736 GC heap before
{Heap before GC invocations=25 (full 0):
 garbage-first heap   total 362496K, used 232646K [0x0000000702000000, 0x0000000800000000)
  region size 2048K, 106 young (217088K), 2 survivors (4096K)
 Metaspace       used 33339K, committed 33728K, reserved 1114112K
  class space    used 4128K, committed 4288K, reserved 1048576K
}
Event: 8.738 GC heap after
{Heap after GC invocations=26 (full 0):
 garbage-first heap   total 362496K, used 20114K [0x0000000702000000, 0x0000000800000000)
  region size 2048K, 3 young (6144K), 3 survivors (6144K)
 Metaspace       used 33339K, committed 33728K, reserved 1114112K
  class space    used 4128K, committed 4288K, reserved 1048576K
}
Event: 8.824 GC heap before
{Heap before GC invocations=26 (full 0):
 garbage-first heap   total 362496K, used 231058K [0x0000000702000000, 0x0000000800000000)
  region size 2048K, 106 young (217088K), 3 survivors (6144K)
 Metaspace       used 33704K, committed 34112K, reserved 1114112K
  class space    used 4206K, committed 4416K, reserved 1048576K
}
Event: 8.826 GC heap after
{Heap after GC invocations=27 (full 0):
 garbage-first heap   total 362496K, used 21812K [0x0000000702000000, 0x0000000800000000)
  region size 2048K, 3 young (6144K), 3 survivors (6144K)
 Metaspace       used 33704K, committed 34112K, reserved 1114112K
  class space    used 4206K, committed 4416K, reserved 1048576K
}
Event: 8.897 GC heap before
{Heap before GC invocations=27 (full 0):
 garbage-first heap   total 362496K, used 232756K [0x0000000702000000, 0x0000000800000000)
  region size 2048K, 106 young (217088K), 3 survivors (6144K)
 Metaspace       used 34202K, committed 34688K, reserved 1114112K
  class space    used 4321K, committed 4544K, reserved 1048576K
}

