# JRE version: OpenJDK Runtime Environment Temurin-25.0.2+10 (25.0.2+10) (build 25.0.2+10-LTS)
# Java VM: OpenJDK 64-Bit Server VM Temurin-25.0.2+10 (25.0.2+10-LTS, mixed mode, sharing, tiered, compressed oops, compressed class ptrs, g1 gc, windows-amd64)
GC Precious Log:
 CardTable entry size: 512
 Card Set container configuration: InlinePtr #cards 4 size 8 Array Of Cards #cards 16 size 48 Howl #buckets 8 coarsen threshold 3686 Howl Bitmap #cards 512 size 80 coarsen threshold 460 Card regions per heap region 1 cards per card region 4096
 CPUs: 4 total, 4 available
 Memory: 16252M
 Large Page Support: Disabled
 NUMA Support: Disabled
 Compressed Oops: Enabled (Zero based)
 Heap Region Size: 2M
 Heap Min Capacity: 8M
 Heap Initial Capacity: 254M
 Heap Max Capacity: 4064M
 Pre-touch: Disabled
 Parallel Workers: 4
 Concurrent Workers: 1
 Concurrent Refinement Workers: 4
 Periodic GC: Disabled
Heap:
 garbage-first heap   total reserved 4161536K, committed 415744K, used 29949K [0x0000000702000000, 0x0000000800000000)
  region size 2048K, 3 young (6144K), 3 survivors (6144K)
GC Heap Usage History (20 events):
Event: 8.411 {heap After GC invocations=39 (full 0):
 garbage-first heap   total reserved 4161536K, committed 346112K, used 29591K [0x0000000702000000, 0x0000000800000000)
  region size 2048K, 5 young (10240K), 5 survivors (10240K)
}
Event: 8.557 {heap Before GC invocations=39 (full 0):
 garbage-first heap   total reserved 4161536K, committed 346112K, used 226199K [0x0000000702000000, 0x0000000800000000)
  region size 2048K, 101 young (206848K), 5 survivors (10240K)
}
Event: 8.559 {heap After GC invocations=40 (full 0):
 garbage-first heap   total reserved 4161536K, committed 346112K, used 27956K [0x0000000702000000, 0x0000000800000000)
  region size 2048K, 5 young (10240K), 5 survivors (10240K)
}
Event: 8.650 {heap Before GC invocations=40 (full 0):
 garbage-first heap   total reserved 4161536K, committed 346112K, used 224564K [0x0000000702000000, 0x0000000800000000)
  region size 2048K, 101 young (206848K), 5 survivors (10240K)
}
Event: 8.652 {heap After GC invocations=41 (full 0):
 garbage-first heap   total reserved 4161536K, committed 346112K, used 29701K [0x0000000702000000, 0x0000000800000000)
  region size 2048K, 5 young (10240K), 5 survivors (10240K)
}
Event: 8.743 {heap Before GC invocations=41 (full 0):
 garbage-first heap   total reserved 4161536K, committed 346112K, used 226309K [0x0000000702000000, 0x0000000800000000)
  region size 2048K, 101 young (206848K), 5 survivors (10240K)
}
Event: 8.745 {heap After GC invocations=42 (full 0):
 garbage-first heap   total reserved 4161536K, committed 346112K, used 29960K [0x0000000702000000, 0x0000000800000000)
  region size 2048K, 4 young (8192K), 4 survivors (8192K)
}
Event: 8.853 {heap Before GC invocations=42 (full 0):
 garbage-first heap   total reserved 4161536K, committed 346112K, used 228616K [0x0000000702000000, 0x0000000800000000)
  region size 2048K, 101 young (206848K), 4 survivors (8192K)
}
Event: 8.855 {heap After GC invocations=43 (full 0):
 garbage-first heap   total reserved 4161536K, committed 415744K, used 28771K [0x0000000702000000, 0x0000000800000000)
  region size 2048K, 4 young (8192K), 4 survivors (8192K)
}
Event: 9.028 {heap Before GC invocations=43 (full 0):
 garbage-first heap   total reserved 4161536K, committed 415744K, used 268387K [0x0000000702000000, 0x0000000800000000)
  region size 2048K, 121 young (247808K), 4 survivors (8192K)
}
Event: 9.030 {heap After GC invocations=44 (full 0):
 garbage-first heap   total reserved 4161536K, committed 415744K, used 29152K [0x0000000702000000, 0x0000000800000000)
  region size 2048K, 4 young (8192K), 4 survivors (8192K)
}
Event: 9.205 {heap Before GC invocations=44 (full 0):
 garbage-first heap   total reserved 4161536K, committed 415744K, used 268768K [0x0000000702000000, 0x0000000800000000)
  region size 2048K, 121 young (247808K), 4 survivors (8192K)
}
Event: 9.207 {heap After GC invocations=45 (full 0):
 garbage-first heap   total reserved 4161536K, committed 415744K, used 29988K [0x0000000702000000, 0x0000000800000000)
  region size 2048K, 4 young (8192K), 4 survivors (8192K)
}
Event: 9.315 {heap Before GC invocations=45 (full 0):
 garbage-first heap   total reserved 4161536K, committed 415744K, used 269604K [0x0000000702000000, 0x0000000800000000)
  region size 2048K, 121 young (247808K), 4 survivors (8192K)
}
Event: 9.318 {heap After GC invocations=46 (full 0):
 garbage-first heap   total reserved 4161536K, committed 415744K, used 30317K [0x0000000702000000, 0x0000000800000000)
  region size 2048K, 4 young (8192K), 4 survivors (8192K)
}
Event: 9.428 {heap Before GC invocations=46 (full 0):
 garbage-first heap   total reserved 4161536K, committed 415744K, used 269933K [0x0000000702000000, 0x0000000800000000)
  region size 2048K, 121 young (247808K), 4 survivors (8192K)
}
Event: 9.430 {heap After GC invocations=47 (full 0):
 garbage-first heap   total reserved 4161536K, committed 415744K, used 30206K [0x0000000702000000, 0x0000000800000000)
  region size 2048K, 4 young (8192K), 4 survivors (8192K)
}
Event: 9.540 {heap Before GC invocations=47 (full 0):
 garbage-first heap   total reserved 4161536K, committed 415744K, used 269822K [0x0000000702000000, 0x0000000800000000)
  region size 2048K, 121 young (247808K), 4 survivors (8192K)
}
Event: 9.543 {heap After GC invocations=48 (full 0):
 garbage-first heap   total reserved 4161536K, committed 415744K, used 30397K [0x0000000702000000, 0x0000000800000000)
  region size 2048K, 4 young (8192K), 4 survivors (8192K)
}
Event: 9.650 {heap Before GC invocations=48 (full 0):
 garbage-first heap   total reserved 4161536K, committed 415744K, used 270013K [0x0000000702000000, 0x0000000800000000)
  region size 2048K, 121 young (247808K), 4 survivors (8192K)
}

