# JRE version: OpenJDK Runtime Environment Temurin-25.0.2+10 (25.0.2+10) (build 25.0.2+10-LTS)
# Java VM: OpenJDK 64-Bit Server VM Temurin-25.0.2+10 (25.0.2+10-LTS, mixed mode, sharing, tiered, compressed oops, compressed class ptrs, g1 gc, windows-amd64)
GC Precious Log:
 CardTable entry size: 512
 Card Set container configuration: InlinePtr #cards 4 size 8 Array Of Cards #cards 16 size 48 Howl #buckets 8 coarsen threshold 3686 Howl Bitmap #cards 512 size 80 coarsen threshold 460 Card regions per heap region 1 cards per card region 4096
 CPUs: 4 total, 4 available
 Memory: 16252M
 Large Page Support: Disabled
 NUMA Support: Disabled
 Compressed Oops: Enabled (Zero based)
 Heap Region Size: 2M
 Heap Min Capacity: 8M
 Heap Initial Capacity: 254M
 Heap Max Capacity: 4064M
 Pre-touch: Disabled
 Parallel Workers: 4
 Concurrent Workers: 1
 Concurrent Refinement Workers: 4
 Periodic GC: Disabled
Heap:
 garbage-first heap   total reserved 4161536K, committed 356352K, used 28768K [0x0000000702000000, 0x0000000800000000)
  region size 2048K, 5 young (10240K), 5 survivors (10240K)
GC Heap Usage History (20 events):
Event: 8.028 {heap After GC invocations=33 (full 0):
 garbage-first heap   total reserved 4161536K, committed 147456K, used 20464K [0x0000000702000000, 0x0000000800000000)
  region size 2048K, 2 young (4096K), 2 survivors (4096K)
}
Event: 8.062 {heap Before GC invocations=33 (full 0):
 garbage-first heap   total reserved 4161536K, committed 147456K, used 104432K [0x0000000702000000, 0x0000000800000000)
  region size 2048K, 43 young (88064K), 2 survivors (4096K)
}
Event: 8.064 {heap After GC invocations=34 (full 0):
 garbage-first heap   total reserved 4161536K, committed 147456K, used 20321K [0x0000000702000000, 0x0000000800000000)
  region size 2048K, 2 young (4096K), 2 survivors (4096K)
}
Event: 8.097 {heap Before GC invocations=34 (full 0):
 garbage-first heap   total reserved 4161536K, committed 147456K, used 104289K [0x0000000702000000, 0x0000000800000000)
  region size 2048K, 43 young (88064K), 2 survivors (4096K)
}
Event: 8.099 {heap After GC invocations=35 (full 0):
 garbage-first heap   total reserved 4161536K, committed 276480K, used 20431K [0x0000000702000000, 0x0000000800000000)
  region size 2048K, 2 young (4096K), 2 survivors (4096K)
}
Event: 8.245 {heap Before GC invocations=35 (full 0):
 garbage-first heap   total reserved 4161536K, committed 276480K, used 182223K [0x0000000702000000, 0x0000000800000000)
  region size 2048K, 81 young (165888K), 2 survivors (4096K)
}
Event: 8.247 {heap After GC invocations=36 (full 0):
 garbage-first heap   total reserved 4161536K, committed 276480K, used 23763K [0x0000000702000000, 0x0000000800000000)
  region size 2048K, 2 young (4096K), 2 survivors (4096K)
}
Event: 8.340 {heap Before GC invocations=36 (full 0):
 garbage-first heap   total reserved 4161536K, committed 276480K, used 185555K [0x0000000702000000, 0x0000000800000000)
  region size 2048K, 81 young (165888K), 2 survivors (4096K)
}
Event: 8.342 {heap After GC invocations=37 (full 0):
 garbage-first heap   total reserved 4161536K, committed 276480K, used 22510K [0x0000000702000000, 0x0000000800000000)
  region size 2048K, 2 young (4096K), 2 survivors (4096K)
}
Event: 8.418 {heap Before GC invocations=37 (full 0):
 garbage-first heap   total reserved 4161536K, committed 276480K, used 184302K [0x0000000702000000, 0x0000000800000000)
  region size 2048K, 81 young (165888K), 2 survivors (4096K)
}
Event: 8.420 {heap After GC invocations=38 (full 0):
 garbage-first heap   total reserved 4161536K, committed 276480K, used 22815K [0x0000000702000000, 0x0000000800000000)
  region size 2048K, 3 young (6144K), 3 survivors (6144K)
}
Event: 8.479 {heap Before GC invocations=38 (full 0):
 garbage-first heap   total reserved 4161536K, committed 276480K, used 182559K [0x0000000702000000, 0x0000000800000000)
  region size 2048K, 81 young (165888K), 3 survivors (6144K)
}
Event: 8.481 {heap After GC invocations=39 (full 0):
 garbage-first heap   total reserved 4161536K, committed 346112K, used 26664K [0x0000000702000000, 0x0000000800000000)
  region size 2048K, 3 young (6144K), 3 survivors (6144K)
}
Event: 8.610 {heap Before GC invocations=39 (full 0):
 garbage-first heap   total reserved 4161536K, committed 346112K, used 227368K [0x0000000702000000, 0x0000000800000000)
  region size 2048K, 101 young (206848K), 3 survivors (6144K)
}
Event: 8.612 {heap After GC invocations=40 (full 0):
 garbage-first heap   total reserved 4161536K, committed 346112K, used 26274K [0x0000000702000000, 0x0000000800000000)
  region size 2048K, 4 young (8192K), 4 survivors (8192K)
}
Event: 8.750 {heap Before GC invocations=40 (full 0):
 garbage-first heap   total reserved 4161536K, committed 346112K, used 224930K [0x0000000702000000, 0x0000000800000000)
  region size 2048K, 101 young (206848K), 4 survivors (8192K)
}
Event: 8.752 {heap After GC invocations=41 (full 0):
 garbage-first heap   total reserved 4161536K, committed 346112K, used 27148K [0x0000000702000000, 0x0000000800000000)
  region size 2048K, 4 young (8192K), 4 survivors (8192K)
}
Event: 8.947 {heap Before GC invocations=41 (full 0):
 garbage-first heap   total reserved 4161536K, committed 346112K, used 225804K [0x0000000702000000, 0x0000000800000000)
  region size 2048K, 101 young (206848K), 4 survivors (8192K)
}
Event: 8.950 {heap After GC invocations=42 (full 0):
 garbage-first heap   total reserved 4161536K, committed 346112K, used 27931K [0x0000000702000000, 0x0000000800000000)
  region size 2048K, 5 young (10240K), 5 survivors (10240K)
}
Event: 9.067 {heap Before GC invocations=42 (full 0):
 garbage-first heap   total reserved 4161536K, committed 346112K, used 224539K [0x0000000702000000, 0x0000000800000000)
  region size 2048K, 101 young (206848K), 5 survivors (10240K)
}

